<?xml version="1.0" encoding="UTF-8"?>
<!-- Generated by org.testng.reporters.JUnitReportReporter -->
<testsuite skipped="0" hostname="W1071DXQQ2" name="com.pom.testcases.TestFacebookLoginPage" tests="1" failures="0" timestamp="2021-09-21T15:48:28 IST" time="15.065" errors="0">
  <testcase name="enterCredentials" time="15.065" classname="com.pom.testcases.TestFacebookLoginPage"/>
  <system-out/>
</testsuite> <!-- com.pom.testcases.TestFacebookLoginPage -->
