<?xml version="1.0" encoding="UTF-8"?>
<!-- Generated by org.testng.reporters.JUnitReportReporter -->
<testsuite skipped="0" hostname="W1071DXQQ2" name="com.pom.testcases.TestFBForgotPassword" tests="1" failures="0" timestamp="2021-09-22T00:56:28 IST" time="14.345" errors="0">
  <testcase name="testForgotPassword" time="14.345" classname="com.pom.testcases.TestFBForgotPassword"/>
  <system-out>
    <![CDATA[TestNG method started testForgotPassword
TestNG method Passed testForgotPassword
<br>]]>
  </system-out>
</testsuite> <!-- com.pom.testcases.TestFBForgotPassword -->
